[2017-9-4 10:18:13] C:\Users\csskx\Desktop\GCP-WC\scripts>python -m gcp_wc.watchdog_service stop  
[2017-9-4 10:18:13] Stopping service WatchdogService 
[2017-9-4 10:18:13] C:\Users\csskx\Desktop\GCP-WC\scripts>python -m gcp_wc.app_config_manager_service stop  
[2017-9-4 10:18:13] Stopping service AppCfgMgrService 
[2017-9-4 10:18:13] Error stopping service: 服务尚未启动。 (1062) 
[2017-9-4 10:18:13] C:\Users\csskx\Desktop\GCP-WC\scripts>python -m gcp_wc.app_event_service stop  
[2017-9-4 10:18:13] Stopping service AppeventService 
[2017-9-4 10:18:13] Error stopping service: 服务尚未启动。 (1062) 
[2017-9-4 10:18:13] C:\Users\csskx\Desktop\GCP-WC\scripts>python -m gcp_wc.cleanup_service stop  
[2017-9-4 10:18:13] Stopping service CleanupService 
[2017-9-4 10:18:13] C:\Users\csskx\Desktop\GCP-WC\scripts>python -m gcp_wc.event_daemon_service stop  
[2017-9-4 10:18:13] Stopping service EventDaemonService 
[2017-9-4 10:18:13] Error stopping service: 服务尚未启动。 (1062) 
[2017-9-4 10:18:13] C:\Users\csskx\Desktop\GCP-WC\scripts>python -m gcp_wc.register_zookeeper_service stop  
[2017-9-4 10:18:13] Stopping service RegisterZookeeperService 
[2017-9-4 10:18:13] Error stopping service: 服务尚未启动。 (1062) 
[2017-9-4 10:18:13] C:\Users\csskx\Desktop\GCP-WC\scripts>python -m gcp_wc.state_monitor_service stop  
[2017-9-4 10:18:13] Stopping service StateMonitorService 
[2017-9-4 10:18:13] Error stopping service: 服务尚未启动。 (1062) 
[2017-9-4 10:18:13] C:\Users\csskx\Desktop\GCP-WC\scripts>python -m gcp_wc.update_resource_service stop  
[2017-9-4 10:18:13] Stopping service UpdateResourcesService 
[2017-9-4 10:18:13] Error stopping service: 服务尚未启动。 (1062) 
[2017-9-4 10:18:13] C:\Users\csskx\Desktop\GCP-WC\scripts>TASKKILL /F /FI "services eq ScreenMonitorService"  
[2017-9-4 10:18:13] 成功: 已终止 PID 为 9080 的进程。 
[2017-9-4 10:18:13] C:\Users\csskx\Desktop\GCP-WC\scripts>python -m gcp_wc.app_config_manager_service remove  
[2017-9-4 10:18:13] Removing service AppCfgMgrService 
[2017-9-4 10:18:13] Service removed 
[2017-9-4 10:18:13] C:\Users\csskx\Desktop\GCP-WC\scripts>python -m gcp_wc.app_event_service remove  
[2017-9-4 10:18:13] Removing service AppeventService 
[2017-9-4 10:18:13] Service removed 
[2017-9-4 10:18:13] C:\Users\csskx\Desktop\GCP-WC\scripts>python -m gcp_wc.cleanup_service remove  
[2017-9-4 10:18:13] Removing service CleanupService 
[2017-9-4 10:18:13] Service removed 
[2017-9-4 10:18:13] C:\Users\csskx\Desktop\GCP-WC\scripts>python -m gcp_wc.event_daemon_service remove  
[2017-9-4 10:18:13] Removing service EventDaemonService 
[2017-9-4 10:18:13] Service removed 
[2017-9-4 10:18:13] C:\Users\csskx\Desktop\GCP-WC\scripts>python -m gcp_wc.monitor_screen_service remove  
[2017-9-4 10:18:13] Removing service ScreenMonitorService 
[2017-9-4 10:18:13] Service removed 
[2017-9-4 10:18:13] C:\Users\csskx\Desktop\GCP-WC\scripts>python -m gcp_wc.register_zookeeper_service remove  
[2017-9-4 10:18:13] Removing service RegisterZookeeperService 
[2017-9-4 10:18:13] Service removed 
[2017-9-4 10:18:13] C:\Users\csskx\Desktop\GCP-WC\scripts>python -m gcp_wc.state_monitor_service remove  
[2017-9-4 10:18:13] Removing service StateMonitorService 
[2017-9-4 10:18:13] Service removed 
[2017-9-4 10:18:13] C:\Users\csskx\Desktop\GCP-WC\scripts>python -m gcp_wc.update_resource_service remove  
[2017-9-4 10:18:13] Removing service UpdateResourcesService 
[2017-9-4 10:18:13] Service removed 
[2017-9-4 10:18:13] C:\Users\csskx\Desktop\GCP-WC\scripts>python -m gcp_wc.watchdog_service remove  
[2017-9-4 10:18:13] Removing service WatchdogService 
[2017-9-4 10:18:13] Service removed 
